<?xml version="1.0" encoding="UTF-8" ?>
<testsuites>

  <testsuite name="Player #resume" errors="0" tests="1" failures="0" time="0.002" timestamp="Thu Jan 08 2015 16:18:47 GMT-0500 (EST)">
    
      <testcase assertions="0" classname="Player #resume" name="should throw an exception if song is already playing" time="0.001">
        
      </testcase>
    
  </testsuite>

</testsuites>