<?xml version="1.0" encoding="UTF-8" ?>
<testsuites>

  <testsuite name="Player" errors="0" tests="1" failures="0" time="0.014" timestamp="Thu Jan 08 2015 16:18:47 GMT-0500 (EST)">
    
      <testcase assertions="0" classname="Player" name="should be able to play a Song" time="0.003">
        
      </testcase>
    
  </testsuite>

</testsuites>