<?xml version="1.0" encoding="UTF-8" ?>
<testsuites>
<testsuite name="A basic test" errors="0" tests="1" failures="0" time="0.005" timestamp="[object Object]">
  <testcase classname="A basic test" name="Should have one passing spec" time="0.004"></testcase>
</testsuite>
</testsuites>